<?xml version="1.0" encoding="UTF-8"?>
<testng-results skipped="0" failed="1" ignored="0" total="4" passed="3">
  <reporter-output>
    <line>
      <![CDATA[Step 1 : Browser Initialized------PASS]]>
    </line>
    <line>
      <![CDATA[<br>Step 2 : Url Loaded------PASS]]>
    </line>
    <line>
      <![CDATA[<br>Step 3 : Application logged in------PASS]]>
    </line>
    <line>
      <![CDATA[<br><img src='C:/Users/Shiva/git/Selenium_Framework/src/libraries/screenshots/orageHRM_admin_login_18_05_2021_11_24_06.jpeg' height='300' width='300'/><br>]]>
    </line>
    <line>
      <![CDATA[<br>Browser Closed------PASS]]>
    </line>
    <line>
      <![CDATA[Step 1 : Browser Initialized------PASS]]>
    </line>
    <line>
      <![CDATA[<br>Step 2 : Url Loaded------PASS]]>
    </line>
    <line>
      <![CDATA[<br>Step 3 : Application logged in------PASS]]>
    </line>
    <line>
      <![CDATA[<br>Step 4 : User Role Selected------PASS]]>
    </line>
    <line>
      <![CDATA[<br>Step 5 : Employee Name Entered------PASS]]>
    </line>
    <line>
      <![CDATA[<br>Step 6 : User Name Entered------PASS]]>
    </line>
    <line>
      <![CDATA[<br>Step 7 : Employee Status Selected------PASS]]>
    </line>
    <line>
      <![CDATA[<br>Step 8 : Password  Entered------PASS]]>
    </line>
    <line>
      <![CDATA[<br>Step 9 : Confirm Password  Entered------PASS]]>
    </line>
    <line>
      <![CDATA[<br>Step 10 : Save Button Clicked------PASS]]>
    </line>
    <line>
      <![CDATA[<br>Step 11 : Username  Entered in search Field------PASS]]>
    </line>
    <line>
      <![CDATA[<br>Step 12 : Search button Clicked------PASS]]>
    </line>
    <line>
      <![CDATA[<br><img src='C:/Users/Shiva/git/Selenium_Framework/src/libraries/screenshots/testScripts.CreateUser_18_05_2021_11_24_31.jpeg' height='300' width='300'/><br>]]>
    </line>
    <line>
      <![CDATA[<br>Step 13 : Validating the Username after Save------PASS]]>
    </line>
    <line>
      <![CDATA[<br>Browser Closed------PASS]]>
    </line>
    <line>
      <![CDATA[Step 1 : Browser Initialized------PASS]]>
    </line>
    <line>
      <![CDATA[<br>Step 2 : Url Loaded------PASS]]>
    </line>
    <line>
      <![CDATA[<br>Step 3 : Application logged in------PASS]]>
    </line>
    <line>
      <![CDATA[<br>Step 4 : Admin button clicked------PASS]]>
    </line>
    <line>
      <![CDATA[<br>Step 5 : Username Entered in search Field ------PASS]]>
    </line>
    <line>
      <![CDATA[<br>Step 6 : Search Button clicked------PASS]]>
    </line>
    <line>
      <![CDATA[<br>Step 7 : User Role Updated------PASS]]>
    </line>
    <line>
      <![CDATA[<br>Step 8 : Username Updated------PASS]]>
    </line>
    <line>
      <![CDATA[<br>Step 9 : Save Button Clicked------PASS]]>
    </line>
    <line>
      <![CDATA[<br>Step 10 : Username entered in search Field------PASS]]>
    </line>
    <line>
      <![CDATA[<br>Step 11 : Search Button Clicked------PASS]]>
    </line>
    <line>
      <![CDATA[<br><img src='C:/Users/Shiva/git/Selenium_Framework/src/libraries/screenshots/testScripts.EditUser_18_05_2021_11_25_10.jpeg' height='300' width='300'/><br>]]>
    </line>
    <line>
      <![CDATA[<br>Step 12 : Validating the Username  and user role after Edit------PASS]]>
    </line>
    <line>
      <![CDATA[<br>Browser Closed------PASS]]>
    </line>
    <line>
      <![CDATA[Step 1 : Browser Initialized------PASS]]>
    </line>
    <line>
      <![CDATA[<br>Step 2 : Url Loaded------PASS]]>
    </line>
    <line>
      <![CDATA[<br>Step 3 : Application logged in------PASS]]>
    </line>
    <line>
      <![CDATA[<br>Step 4 : Admin button Clicked------PASS]]>
    </line>
    <line>
      <![CDATA[<br>Step 5 : Username entered in search Field------PASS]]>
    </line>
    <line>
      <![CDATA[<br>Step 6 : Search button clicked------PASS]]>
    </line>
    <line>
      <![CDATA[<br>Step 7 : Checkbox clicked------PASS]]>
    </line>
    <line>
      <![CDATA[<br>Step 8 : Delete Button clicked------PASS]]>
    </line>
    <line>
      <![CDATA[<br>Step 9 : Ok Prompt Button clicked------PASS]]>
    </line>
    <line>
      <![CDATA[<br>Step 10 : username entered in search field------PASS]]>
    </line>
    <line>
      <![CDATA[<br>Step 11 : Search Button Clicked------PASS]]>
    </line>
    <line>
      <![CDATA[<br><img src='C:/Users/Shiva/git/Selenium_Framework/src/libraries/screenshots/testScripts.DeleteUser_18_05_2021_11_25_35.jpeg' height='300' width='300'/><br>]]>
    </line>
    <line>
      <![CDATA[<br>Step 12 : Validating the Username  after Deletion------PASS]]>
    </line>
    <line>
      <![CDATA[<br>Browser Closed------PASS]]>
    </line>
  </reporter-output>
  <suite name="first" duration-ms="108818" started-at="2021-05-18T11:23:48 IST" finished-at="2021-05-18T11:25:37 IST">
    <groups>
    </groups>
    <test name="OrangeHRM" duration-ms="108818" started-at="2021-05-18T11:23:48 IST" finished-at="2021-05-18T11:25:37 IST">
      <class name="testScripts.DeleteUser">
        <test-method status="PASS" signature="load(org.testng.ITestResult)[pri:0, instance:testScripts.DeleteUser@2a17b7b6]" name="load" is-config="true" duration-ms="2120" started-at="2021-05-18T11:25:12 IST" finished-at="2021-05-18T11:25:14 IST">
          <params>
            <param index="0">
              <value>
                <![CDATA[[TestResult name={null} status=CREATED method=DeleteUser.orageHRM_delete_user()[pri:0, instance:testScripts.DeleteUser@2a17b7b6] output=Step 1 : Browser Initialized------PASS]]]>
              </value>
            </param>
          </params>
          <reporter-output>
          </reporter-output>
        </test-method> <!-- load -->
        <test-method status="PASS" signature="orageHRM_delete_user()[pri:0, instance:testScripts.DeleteUser@2a17b7b6]" name="orageHRM_delete_user" duration-ms="21696" started-at="2021-05-18T11:25:14 IST" finished-at="2021-05-18T11:25:36 IST">
          <reporter-output>
            <line>
              <![CDATA[<br>Step 2 : Url Loaded------PASS]]>
            </line>
            <line>
              <![CDATA[<br>Step 3 : Application logged in------PASS]]>
            </line>
            <line>
              <![CDATA[<br>Step 4 : Admin button Clicked------PASS]]>
            </line>
            <line>
              <![CDATA[<br>Step 5 : Username entered in search Field------PASS]]>
            </line>
            <line>
              <![CDATA[<br>Step 6 : Search button clicked------PASS]]>
            </line>
            <line>
              <![CDATA[<br>Step 7 : Checkbox clicked------PASS]]>
            </line>
            <line>
              <![CDATA[<br>Step 8 : Delete Button clicked------PASS]]>
            </line>
            <line>
              <![CDATA[<br>Step 9 : Ok Prompt Button clicked------PASS]]>
            </line>
            <line>
              <![CDATA[<br>Step 10 : username entered in search field------PASS]]>
            </line>
            <line>
              <![CDATA[<br>Step 11 : Search Button Clicked------PASS]]>
            </line>
            <line>
              <![CDATA[<br><img src='C:/Users/Shiva/git/Selenium_Framework/src/libraries/screenshots/testScripts.DeleteUser_18_05_2021_11_25_35.jpeg' height='300' width='300'/><br>]]>
            </line>
            <line>
              <![CDATA[<br>Step 12 : Validating the Username  after Deletion------PASS]]>
            </line>
            <line>
              <![CDATA[<br>Browser Closed------PASS]]>
            </line>
          </reporter-output>
        </test-method> <!-- orageHRM_delete_user -->
        <test-method status="PASS" signature="cleanup(org.testng.ITestResult)[pri:0, instance:testScripts.DeleteUser@2a17b7b6]" name="cleanup" is-config="true" duration-ms="1070" started-at="2021-05-18T11:25:36 IST" finished-at="2021-05-18T11:25:37 IST">
          <params>
            <param index="0">
              <value>
                <![CDATA[[TestResult name=orageHRM_delete_user status=SUCCESS method=DeleteUser.orageHRM_delete_user()[pri:0, instance:testScripts.DeleteUser@2a17b7b6] output=<br>Step 2 : Url Loaded------PASS]]]>
              </value>
            </param>
          </params>
          <reporter-output>
          </reporter-output>
        </test-method> <!-- cleanup -->
      </class> <!-- testScripts.DeleteUser -->
      <class name="testScripts.CreateUser">
        <test-method status="PASS" signature="load(org.testng.ITestResult)[pri:0, instance:testScripts.CreateUser@7d0587f1]" name="load" is-config="true" duration-ms="2834" started-at="2021-05-18T11:24:08 IST" finished-at="2021-05-18T11:24:10 IST">
          <params>
            <param index="0">
              <value>
                <![CDATA[[TestResult name={null} status=CREATED method=CreateUser.orageHRM_create_user()[pri:0, instance:testScripts.CreateUser@7d0587f1] output=Step 1 : Browser Initialized------PASS]]]>
              </value>
            </param>
          </params>
          <reporter-output>
          </reporter-output>
        </test-method> <!-- load -->
        <test-method status="PASS" signature="orageHRM_create_user()[pri:0, instance:testScripts.CreateUser@7d0587f1]" name="orageHRM_create_user" duration-ms="23258" started-at="2021-05-18T11:24:10 IST" finished-at="2021-05-18T11:24:34 IST">
          <reporter-output>
            <line>
              <![CDATA[<br>Step 2 : Url Loaded------PASS]]>
            </line>
            <line>
              <![CDATA[<br>Step 3 : Application logged in------PASS]]>
            </line>
            <line>
              <![CDATA[<br>Step 4 : User Role Selected------PASS]]>
            </line>
            <line>
              <![CDATA[<br>Step 5 : Employee Name Entered------PASS]]>
            </line>
            <line>
              <![CDATA[<br>Step 6 : User Name Entered------PASS]]>
            </line>
            <line>
              <![CDATA[<br>Step 7 : Employee Status Selected------PASS]]>
            </line>
            <line>
              <![CDATA[<br>Step 8 : Password  Entered------PASS]]>
            </line>
            <line>
              <![CDATA[<br>Step 9 : Confirm Password  Entered------PASS]]>
            </line>
            <line>
              <![CDATA[<br>Step 10 : Save Button Clicked------PASS]]>
            </line>
            <line>
              <![CDATA[<br>Step 11 : Username  Entered in search Field------PASS]]>
            </line>
            <line>
              <![CDATA[<br>Step 12 : Search button Clicked------PASS]]>
            </line>
            <line>
              <![CDATA[<br><img src='C:/Users/Shiva/git/Selenium_Framework/src/libraries/screenshots/testScripts.CreateUser_18_05_2021_11_24_31.jpeg' height='300' width='300'/><br>]]>
            </line>
            <line>
              <![CDATA[<br>Step 13 : Validating the Username after Save------PASS]]>
            </line>
            <line>
              <![CDATA[<br>Browser Closed------PASS]]>
            </line>
          </reporter-output>
        </test-method> <!-- orageHRM_create_user -->
        <test-method status="PASS" signature="cleanup(org.testng.ITestResult)[pri:0, instance:testScripts.CreateUser@7d0587f1]" name="cleanup" is-config="true" duration-ms="1166" started-at="2021-05-18T11:24:34 IST" finished-at="2021-05-18T11:24:35 IST">
          <params>
            <param index="0">
              <value>
                <![CDATA[[TestResult name=orageHRM_create_user status=SUCCESS method=CreateUser.orageHRM_create_user()[pri:0, instance:testScripts.CreateUser@7d0587f1] output=<br>Step 2 : Url Loaded------PASS]]]>
              </value>
            </param>
          </params>
          <reporter-output>
          </reporter-output>
        </test-method> <!-- cleanup -->
      </class> <!-- testScripts.CreateUser -->
      <class name="testScripts.EditUser">
        <test-method status="PASS" signature="load(org.testng.ITestResult)[pri:0, instance:testScripts.EditUser@5d76b067]" name="load" is-config="true" duration-ms="1947" started-at="2021-05-18T11:24:35 IST" finished-at="2021-05-18T11:24:37 IST">
          <params>
            <param index="0">
              <value>
                <![CDATA[[TestResult name={null} status=CREATED method=EditUser.orageHRM_edit_user()[pri:0, instance:testScripts.EditUser@5d76b067] output=Step 1 : Browser Initialized------PASS]]]>
              </value>
            </param>
          </params>
          <reporter-output>
          </reporter-output>
        </test-method> <!-- load -->
        <test-method status="PASS" signature="orageHRM_edit_user()[pri:0, instance:testScripts.EditUser@5d76b067]" name="orageHRM_edit_user" duration-ms="34314" started-at="2021-05-18T11:24:37 IST" finished-at="2021-05-18T11:25:11 IST">
          <reporter-output>
            <line>
              <![CDATA[<br>Step 2 : Url Loaded------PASS]]>
            </line>
            <line>
              <![CDATA[<br>Step 3 : Application logged in------PASS]]>
            </line>
            <line>
              <![CDATA[<br>Step 4 : Admin button clicked------PASS]]>
            </line>
            <line>
              <![CDATA[<br>Step 5 : Username Entered in search Field ------PASS]]>
            </line>
            <line>
              <![CDATA[<br>Step 6 : Search Button clicked------PASS]]>
            </line>
            <line>
              <![CDATA[<br>Step 7 : User Role Updated------PASS]]>
            </line>
            <line>
              <![CDATA[<br>Step 8 : Username Updated------PASS]]>
            </line>
            <line>
              <![CDATA[<br>Step 9 : Save Button Clicked------PASS]]>
            </line>
            <line>
              <![CDATA[<br>Step 10 : Username entered in search Field------PASS]]>
            </line>
            <line>
              <![CDATA[<br>Step 11 : Search Button Clicked------PASS]]>
            </line>
            <line>
              <![CDATA[<br><img src='C:/Users/Shiva/git/Selenium_Framework/src/libraries/screenshots/testScripts.EditUser_18_05_2021_11_25_10.jpeg' height='300' width='300'/><br>]]>
            </line>
            <line>
              <![CDATA[<br>Step 12 : Validating the Username  and user role after Edit------PASS]]>
            </line>
            <line>
              <![CDATA[<br>Browser Closed------PASS]]>
            </line>
          </reporter-output>
        </test-method> <!-- orageHRM_edit_user -->
        <test-method status="PASS" signature="cleanup(org.testng.ITestResult)[pri:0, instance:testScripts.EditUser@5d76b067]" name="cleanup" is-config="true" duration-ms="843" started-at="2021-05-18T11:25:11 IST" finished-at="2021-05-18T11:25:12 IST">
          <params>
            <param index="0">
              <value>
                <![CDATA[[TestResult name=orageHRM_edit_user status=SUCCESS method=EditUser.orageHRM_edit_user()[pri:0, instance:testScripts.EditUser@5d76b067] output=<br>Step 2 : Url Loaded------PASS]]]>
              </value>
            </param>
          </params>
          <reporter-output>
          </reporter-output>
        </test-method> <!-- cleanup -->
      </class> <!-- testScripts.EditUser -->
      <class name="testScripts.AdminLogin">
        <test-method status="PASS" signature="load(org.testng.ITestResult)[pri:0, instance:testScripts.AdminLogin@67205a84]" name="load" is-config="true" duration-ms="4028" started-at="2021-05-18T11:23:48 IST" finished-at="2021-05-18T11:23:52 IST">
          <params>
            <param index="0">
              <value>
                <![CDATA[[TestResult name={null} status=CREATED method=AdminLogin.orageHRM_admin_login()[pri:0, instance:testScripts.AdminLogin@67205a84] output=Step 1 : Browser Initialized------PASS]]]>
              </value>
            </param>
          </params>
          <reporter-output>
          </reporter-output>
        </test-method> <!-- load -->
        <test-method status="FAIL" signature="orageHRM_admin_login()[pri:0, instance:testScripts.AdminLogin@67205a84]" name="orageHRM_admin_login" duration-ms="13674" started-at="2021-05-18T11:23:52 IST" finished-at="2021-05-18T11:24:06 IST">
          <exception class="java.lang.AssertionError">
            <message>
              <![CDATA[expected [Welcome Admin] but found [Welcome Paul]]]>
            </message>
            <full-stacktrace>
              <![CDATA[java.lang.AssertionError: expected [Welcome Admin] but found [Welcome Paul]
at org.testng.Assert.fail(Assert.java:97)
at org.testng.Assert.assertEqualsImpl(Assert.java:136)
at org.testng.Assert.assertEquals(Assert.java:118)
at org.testng.Assert.assertEquals(Assert.java:575)
at org.testng.Assert.assertEquals(Assert.java:585)
at testScripts.AdminLogin.orageHRM_admin_login(AdminLogin.java:73)
at sun.reflect.NativeMethodAccessorImpl.invoke0(Native Method)
at sun.reflect.NativeMethodAccessorImpl.invoke(Unknown Source)
at sun.reflect.DelegatingMethodAccessorImpl.invoke(Unknown Source)
at java.lang.reflect.Method.invoke(Unknown Source)
at org.testng.internal.MethodInvocationHelper.invokeMethod(MethodInvocationHelper.java:133)
at org.testng.internal.TestInvoker.invokeMethod(TestInvoker.java:584)
at org.testng.internal.TestInvoker.invokeTestMethod(TestInvoker.java:172)
at org.testng.internal.MethodRunner.runInSequence(MethodRunner.java:46)
at org.testng.internal.TestInvoker$MethodInvocationAgent.invoke(TestInvoker.java:804)
at org.testng.internal.TestInvoker.invokeTestMethods(TestInvoker.java:145)
at org.testng.internal.TestMethodWorker.invokeTestMethods(TestMethodWorker.java:146)
at org.testng.internal.TestMethodWorker.run(TestMethodWorker.java:128)
at java.util.ArrayList.forEach(Unknown Source)
at org.testng.TestRunner.privateRun(TestRunner.java:770)
at org.testng.TestRunner.run(TestRunner.java:591)
at org.testng.SuiteRunner.runTest(SuiteRunner.java:402)
at org.testng.SuiteRunner.runSequentially(SuiteRunner.java:396)
at org.testng.SuiteRunner.privateRun(SuiteRunner.java:355)
at org.testng.SuiteRunner.run(SuiteRunner.java:304)
at org.testng.SuiteRunnerWorker.runSuite(SuiteRunnerWorker.java:53)
at org.testng.SuiteRunnerWorker.run(SuiteRunnerWorker.java:96)
at org.testng.TestNG.runSuitesSequentially(TestNG.java:1180)
at org.testng.TestNG.runSuitesLocally(TestNG.java:1102)
at org.testng.TestNG.runSuites(TestNG.java:1032)
at org.testng.TestNG.run(TestNG.java:1000)
at org.testng.remote.AbstractRemoteTestNG.run(AbstractRemoteTestNG.java:115)
at org.testng.remote.RemoteTestNG.initAndRun(RemoteTestNG.java:251)
at org.testng.remote.RemoteTestNG.main(RemoteTestNG.java:77)
]]>
            </full-stacktrace>
          </exception> <!-- java.lang.AssertionError -->
          <reporter-output>
            <line>
              <![CDATA[<br>Step 2 : Url Loaded------PASS]]>
            </line>
            <line>
              <![CDATA[<br>Step 3 : Application logged in------PASS]]>
            </line>
            <line>
              <![CDATA[<br><img src='C:/Users/Shiva/git/Selenium_Framework/src/libraries/screenshots/orageHRM_admin_login_18_05_2021_11_24_06.jpeg' height='300' width='300'/><br>]]>
            </line>
            <line>
              <![CDATA[<br>Browser Closed------PASS]]>
            </line>
          </reporter-output>
        </test-method> <!-- orageHRM_admin_login -->
        <test-method status="PASS" signature="cleanup(org.testng.ITestResult)[pri:0, instance:testScripts.AdminLogin@67205a84]" name="cleanup" is-config="true" duration-ms="1388" started-at="2021-05-18T11:24:06 IST" finished-at="2021-05-18T11:24:08 IST">
          <params>
            <param index="0">
              <value>
                <![CDATA[[TestResult name=orageHRM_admin_login status=FAILURE method=AdminLogin.orageHRM_admin_login()[pri:0, instance:testScripts.AdminLogin@67205a84] output=<br>Step 2 : Url Loaded------PASS]]]>
              </value>
            </param>
          </params>
          <reporter-output>
          </reporter-output>
        </test-method> <!-- cleanup -->
      </class> <!-- testScripts.AdminLogin -->
    </test> <!-- OrangeHRM -->
  </suite> <!-- first -->
</testng-results>
